<?xml version="1.0"?>
<!DOCTYPE coverage SYSTEM "http://cobertura.sourceforge.net/xml/coverage-04.dtd">

<coverage line-rate="0.5581395348837209" branch-rate="0.5" lines-covered="48" lines-valid="86" branches-covered="16" branches-valid="32" complexity="2.4210526315789473" version="2.0.3" timestamp="1551257990308">
	<sources>
		<source>--source</source>
		<source>/Users/hoho/eclipse-workspace/iBoxCpp/src/main/java</source>
	</sources>
	<packages>
		<package name="iBoxCpp" line-rate="0.5581395348837209" branch-rate="0.5" complexity="2.4210526315789473">
			<classes>
				<class name="iBoxCpp.App" filename="iBoxCpp/App.java" line-rate="0.0" branch-rate="0.0" complexity="8.0">
					<methods>
						<method name="&lt;init&gt;" signature="()V" line-rate="0.0" branch-rate="1.0">
							<lines>
								<line number="15" hits="0" branch="false"/>
							</lines>
						</method>
						<method name="main" signature="([Ljava/lang/String;)V" line-rate="0.0" branch-rate="0.0">
							<lines>
								<line number="18" hits="0" branch="false"/>
								<line number="20" hits="0" branch="false"/>
								<line number="21" hits="0" branch="false"/>
								<line number="24" hits="0" branch="false"/>
								<line number="26" hits="0" branch="true" condition-coverage="0% (0/2)">
									<conditions>
										<condition number="0" type="jump" coverage="0%"/>
									</conditions>
								</line>
								<line number="27" hits="0" branch="true" condition-coverage="0% (0/2)">
									<conditions>
										<condition number="0" type="jump" coverage="0%"/>
									</conditions>
								</line>
								<line number="29" hits="0" branch="false"/>
								<line number="32" hits="0" branch="false"/>
								<line number="33" hits="0" branch="false"/>
								<line number="36" hits="0" branch="false"/>
								<line number="37" hits="0" branch="false"/>
								<line number="38" hits="0" branch="true" condition-coverage="0% (0/2)">
									<conditions>
										<condition number="0" type="jump" coverage="0%"/>
									</conditions>
								</line>
								<line number="39" hits="0" branch="false"/>
								<line number="40" hits="0" branch="false"/>
								<line number="42" hits="0" branch="false"/>
								<line number="45" hits="0" branch="true" condition-coverage="0% (0/2)">
									<conditions>
										<condition number="0" type="jump" coverage="0%"/>
									</conditions>
								</line>
								<line number="46" hits="0" branch="false"/>
								<line number="47" hits="0" branch="false"/>
								<line number="49" hits="0" branch="false"/>
							</lines>
						</method>
					</methods>
					<lines>
						<line number="15" hits="0" branch="false"/>
						<line number="18" hits="0" branch="false"/>
						<line number="20" hits="0" branch="false"/>
						<line number="21" hits="0" branch="false"/>
						<line number="24" hits="0" branch="false"/>
						<line number="26" hits="0" branch="true" condition-coverage="0% (0/2)">
							<conditions>
								<condition number="0" type="jump" coverage="0%"/>
							</conditions>
						</line>
						<line number="27" hits="0" branch="true" condition-coverage="0% (0/2)">
							<conditions>
								<condition number="0" type="jump" coverage="0%"/>
							</conditions>
						</line>
						<line number="29" hits="0" branch="false"/>
						<line number="32" hits="0" branch="false"/>
						<line number="33" hits="0" branch="false"/>
						<line number="36" hits="0" branch="false"/>
						<line number="37" hits="0" branch="false"/>
						<line number="38" hits="0" branch="true" condition-coverage="0% (0/2)">
							<conditions>
								<condition number="0" type="jump" coverage="0%"/>
							</conditions>
						</line>
						<line number="39" hits="0" branch="false"/>
						<line number="40" hits="0" branch="false"/>
						<line number="42" hits="0" branch="false"/>
						<line number="45" hits="0" branch="true" condition-coverage="0% (0/2)">
							<conditions>
								<condition number="0" type="jump" coverage="0%"/>
							</conditions>
						</line>
						<line number="46" hits="0" branch="false"/>
						<line number="47" hits="0" branch="false"/>
						<line number="49" hits="0" branch="false"/>
					</lines>
				</class>
				<class name="iBoxCpp.Credentials" filename="iBoxCpp/Credentials.java" line-rate="0.8571428571428571" branch-rate="1.0" complexity="1.5">
					<methods>
						<method name="&lt;clinit&gt;" signature="()V" line-rate="1.0" branch-rate="1.0">
							<lines>
								<line number="7" hits="2" branch="false"/>
								<line number="8" hits="2" branch="false"/>
							</lines>
						</method>
						<method name="&lt;init&gt;" signature="()V" line-rate="1.0" branch-rate="1.0">
							<lines>
								<line number="10" hits="26" branch="false"/>
								<line number="12" hits="26" branch="false"/>
							</lines>
						</method>
						<method name="checkCredentials" signature="()Z" line-rate="1.0" branch-rate="1.0">
							<lines>
								<line number="15" hits="12" branch="true" condition-coverage="100% (4/4)">
									<conditions>
										<condition number="0" type="jump" coverage="100%"/>
										<condition number="1" type="jump" coverage="100%"/>
									</conditions>
								</line>
								<line number="16" hits="6" branch="false"/>
								<line number="17" hits="6" branch="false"/>
								<line number="19" hits="6" branch="false"/>
							</lines>
						</method>
						<method name="getAccess_key_id" signature="()Ljava/lang/String;" line-rate="0.0" branch-rate="1.0">
							<lines>
								<line number="23" hits="0" branch="false"/>
							</lines>
						</method>
						<method name="getSecret_access_key" signature="()Ljava/lang/String;" line-rate="0.0" branch-rate="1.0">
							<lines>
								<line number="31" hits="0" branch="false"/>
							</lines>
						</method>
						<method name="setAccess_key_id" signature="(Ljava/lang/String;)V" line-rate="1.0" branch-rate="1.0">
							<lines>
								<line number="27" hits="10" branch="false"/>
								<line number="28" hits="10" branch="false"/>
							</lines>
						</method>
						<method name="setSecret_access_key" signature="(Ljava/lang/String;)V" line-rate="1.0" branch-rate="1.0">
							<lines>
								<line number="35" hits="10" branch="false"/>
								<line number="36" hits="10" branch="false"/>
							</lines>
						</method>
					</methods>
					<lines>
						<line number="7" hits="2" branch="false"/>
						<line number="8" hits="2" branch="false"/>
						<line number="10" hits="26" branch="false"/>
						<line number="12" hits="26" branch="false"/>
						<line number="15" hits="12" branch="true" condition-coverage="100% (4/4)">
							<conditions>
								<condition number="0" type="jump" coverage="100%"/>
								<condition number="1" type="jump" coverage="100%"/>
							</conditions>
						</line>
						<line number="16" hits="6" branch="false"/>
						<line number="17" hits="6" branch="false"/>
						<line number="19" hits="6" branch="false"/>
						<line number="23" hits="0" branch="false"/>
						<line number="27" hits="10" branch="false"/>
						<line number="28" hits="10" branch="false"/>
						<line number="31" hits="0" branch="false"/>
						<line number="35" hits="10" branch="false"/>
						<line number="36" hits="10" branch="false"/>
					</lines>
				</class>
				<class name="iBoxCpp.EventWatcher" filename="iBoxCpp/EventWatcher.java" line-rate="0.8333333333333334" branch-rate="0.8333333333333334" complexity="2.2">
					<methods>
						<method name="&lt;init&gt;" signature="()V" line-rate="1.0" branch-rate="1.0">
							<lines>
								<line number="11" hits="6" branch="false"/>
								<line number="12" hits="6" branch="false"/>
							</lines>
						</method>
						<method name="checkValidDriectory" signature="()Z" line-rate="1.0" branch-rate="1.0">
							<lines>
								<line number="23" hits="6" branch="true" condition-coverage="100% (2/2)">
									<conditions>
										<condition number="0" type="jump" coverage="100%"/>
									</conditions>
								</line>
								<line number="24" hits="2" branch="false"/>
								<line number="25" hits="2" branch="false"/>
								<line number="28" hits="4" branch="false"/>
								<line number="30" hits="4" branch="true" condition-coverage="100% (2/2)">
									<conditions>
										<condition number="0" type="jump" coverage="100%"/>
									</conditions>
								</line>
								<line number="31" hits="2" branch="false"/>
								<line number="33" hits="2" branch="false"/>
							</lines>
						</method>
						<method name="createDirectory" signature="(Ljava/nio/file/Path;)Z" line-rate="0.6666666666666666" branch-rate="0.5">
							<lines>
								<line number="37" hits="2" branch="false"/>
								<line number="38" hits="2" branch="true" condition-coverage="50% (1/2)">
									<conditions>
										<condition number="0" type="jump" coverage="50%"/>
									</conditions>
								</line>
								<line number="39" hits="0" branch="false"/>
								<line number="40" hits="0" branch="false"/>
								<line number="42" hits="2" branch="false"/>
								<line number="43" hits="2" branch="false"/>
							</lines>
						</method>
						<method name="getDirectory" signature="()Ljava/lang/String;" line-rate="0.0" branch-rate="1.0">
							<lines>
								<line number="15" hits="0" branch="false"/>
							</lines>
						</method>
						<method name="setDirectory" signature="(Ljava/lang/String;)V" line-rate="1.0" branch-rate="1.0">
							<lines>
								<line number="19" hits="6" branch="false"/>
								<line number="20" hits="6" branch="false"/>
							</lines>
						</method>
					</methods>
					<lines>
						<line number="11" hits="6" branch="false"/>
						<line number="12" hits="6" branch="false"/>
						<line number="15" hits="0" branch="false"/>
						<line number="19" hits="6" branch="false"/>
						<line number="20" hits="6" branch="false"/>
						<line number="23" hits="6" branch="true" condition-coverage="100% (2/2)">
							<conditions>
								<condition number="0" type="jump" coverage="100%"/>
							</conditions>
						</line>
						<line number="24" hits="2" branch="false"/>
						<line number="25" hits="2" branch="false"/>
						<line number="28" hits="4" branch="false"/>
						<line number="30" hits="4" branch="true" condition-coverage="100% (2/2)">
							<conditions>
								<condition number="0" type="jump" coverage="100%"/>
							</conditions>
						</line>
						<line number="31" hits="2" branch="false"/>
						<line number="33" hits="2" branch="false"/>
						<line number="37" hits="2" branch="false"/>
						<line number="38" hits="2" branch="true" condition-coverage="50% (1/2)">
							<conditions>
								<condition number="0" type="jump" coverage="50%"/>
							</conditions>
						</line>
						<line number="39" hits="0" branch="false"/>
						<line number="40" hits="0" branch="false"/>
						<line number="42" hits="2" branch="false"/>
						<line number="43" hits="2" branch="false"/>
					</lines>
				</class>
				<class name="iBoxCpp.S3Handler" filename="iBoxCpp/S3Handler.java" line-rate="0.6176470588235294" branch-rate="0.5" complexity="2.5714285714285716">
					<methods>
						<method name="&lt;init&gt;" signature="()V" line-rate="1.0" branch-rate="1.0">
							<lines>
								<line number="23" hits="10" branch="false"/>
								<line number="24" hits="10" branch="false"/>
								<line number="25" hits="10" branch="false"/>
							</lines>
						</method>
						<method name="AWSfileNameGenerator" signature="(Ljava/nio/file/Path;Ljava/lang/String;Ljava/lang/String;)Ljava/lang/String;" line-rate="0.75" branch-rate="0.5">
							<lines>
								<line number="75" hits="6" branch="false"/>
								<line number="76" hits="6" branch="true" condition-coverage="50% (1/2)">
									<conditions>
										<condition number="0" type="jump" coverage="50%"/>
									</conditions>
								</line>
								<line number="77" hits="6" branch="false"/>
								<line number="79" hits="0" branch="false"/>
							</lines>
						</method>
						<method name="checkBucket" signature="()Z" line-rate="0.75" branch-rate="0.5">
							<lines>
								<line number="36" hits="4" branch="false"/>
								<line number="37" hits="4" branch="true" condition-coverage="50% (1/2)">
									<conditions>
										<condition number="0" type="jump" coverage="50%"/>
									</conditions>
								</line>
								<line number="38" hits="0" branch="false"/>
								<line number="40" hits="4" branch="false"/>
							</lines>
						</method>
						<method name="checkS3Info" signature="()Z" line-rate="0.8" branch-rate="0.5">
							<lines>
								<line number="28" hits="4" branch="true" condition-coverage="50% (1/2)">
									<conditions>
										<condition number="0" type="jump" coverage="50%"/>
									</conditions>
								</line>
								<line number="29" hits="0" branch="false"/>
								<line number="30" hits="4" branch="false"/>
								<line number="31" hits="4" branch="false"/>
								<line number="32" hits="4" branch="false"/>
							</lines>
						</method>
						<method name="createEntry" signature="(Ljava/nio/file/Path;Ljava/lang/String;Ljava/lang/String;)Z" line-rate="0.75" branch-rate="1.0">
							<lines>
								<line number="62" hits="4" branch="false"/>
								<line number="63" hits="4" branch="false"/>
								<line number="64" hits="4" branch="false"/>
								<line number="65" hits="0" branch="false"/>
							</lines>
						</method>
						<method name="deleteEntry" signature="(Ljava/nio/file/Path;Ljava/lang/String;Ljava/lang/String;)Z" line-rate="0.6666666666666666" branch-rate="1.0">
							<lines>
								<line number="69" hits="2" branch="false"/>
								<line number="70" hits="2" branch="false"/>
								<line number="71" hits="0" branch="false"/>
							</lines>
						</method>
						<method name="updateBucket" signature="(Ljava/nio/file/WatchEvent$Kind;Ljava/nio/file/Path;Ljava/lang/String;Ljava/lang/String;)Z" line-rate="0.2727272727272727" branch-rate="0.5">
							<lines>
								<line number="44" hits="6" branch="true" condition-coverage="100% (4/4)">
									<conditions>
										<condition number="0" type="jump" coverage="100%"/>
										<condition number="1" type="jump" coverage="100%"/>
									</conditions>
								</line>
								<line number="45" hits="4" branch="true" condition-coverage="0% (0/2)">
									<conditions>
										<condition number="0" type="jump" coverage="0%"/>
									</conditions>
								</line>
								<line number="46" hits="0" branch="false"/>
								<line number="47" hits="0" branch="false"/>
								<line number="49" hits="0" branch="false"/>
								<line number="50" hits="0" branch="false"/>
								<line number="52" hits="2" branch="true" condition-coverage="0% (0/2)">
									<conditions>
										<condition number="0" type="jump" coverage="0%"/>
									</conditions>
								</line>
								<line number="53" hits="0" branch="false"/>
								<line number="54" hits="0" branch="false"/>
								<line number="56" hits="0" branch="false"/>
								<line number="58" hits="0" branch="false"/>
							</lines>
						</method>
					</methods>
					<lines>
						<line number="23" hits="10" branch="false"/>
						<line number="24" hits="10" branch="false"/>
						<line number="25" hits="10" branch="false"/>
						<line number="28" hits="4" branch="true" condition-coverage="50% (1/2)">
							<conditions>
								<condition number="0" type="jump" coverage="50%"/>
							</conditions>
						</line>
						<line number="29" hits="0" branch="false"/>
						<line number="30" hits="4" branch="false"/>
						<line number="31" hits="4" branch="false"/>
						<line number="32" hits="4" branch="false"/>
						<line number="36" hits="4" branch="false"/>
						<line number="37" hits="4" branch="true" condition-coverage="50% (1/2)">
							<conditions>
								<condition number="0" type="jump" coverage="50%"/>
							</conditions>
						</line>
						<line number="38" hits="0" branch="false"/>
						<line number="40" hits="4" branch="false"/>
						<line number="44" hits="6" branch="true" condition-coverage="100% (4/4)">
							<conditions>
								<condition number="0" type="jump" coverage="100%"/>
								<condition number="1" type="jump" coverage="100%"/>
							</conditions>
						</line>
						<line number="45" hits="4" branch="true" condition-coverage="0% (0/2)">
							<conditions>
								<condition number="0" type="jump" coverage="0%"/>
							</conditions>
						</line>
						<line number="46" hits="0" branch="false"/>
						<line number="47" hits="0" branch="false"/>
						<line number="49" hits="0" branch="false"/>
						<line number="50" hits="0" branch="false"/>
						<line number="52" hits="2" branch="true" condition-coverage="0% (0/2)">
							<conditions>
								<condition number="0" type="jump" coverage="0%"/>
							</conditions>
						</line>
						<line number="53" hits="0" branch="false"/>
						<line number="54" hits="0" branch="false"/>
						<line number="56" hits="0" branch="false"/>
						<line number="58" hits="0" branch="false"/>
						<line number="62" hits="4" branch="false"/>
						<line number="63" hits="4" branch="false"/>
						<line number="64" hits="4" branch="false"/>
						<line number="65" hits="0" branch="false"/>
						<line number="69" hits="2" branch="false"/>
						<line number="70" hits="2" branch="false"/>
						<line number="71" hits="0" branch="false"/>
						<line number="75" hits="6" branch="false"/>
						<line number="76" hits="6" branch="true" condition-coverage="50% (1/2)">
							<conditions>
								<condition number="0" type="jump" coverage="50%"/>
							</conditions>
						</line>
						<line number="77" hits="6" branch="false"/>
						<line number="79" hits="0" branch="false"/>
					</lines>
				</class>
			</classes>
		</package>
	</packages>
</coverage>
