<?xml version="1.0" encoding="UTF-8" ?>
<testsuite tests="3" failures="0" name="iBoxCpp.S3HandlerIntegTest" time="0.301" errors="3" skipped="0">
  <properties>
[...]
</properties>
  <testcase classname="iBoxCpp.S3HandlerIntegTest" name="updateBucketIntegTestCreatingEntry" time="0.091">
    <error message="The AWS Access Key Id you provided does not exist in our records. (Service: Amazon S3; Status Code: 403; Error Code: InvalidAccessKeyId; Request ID: BDAF5484433BD7CD; S3 Extended Request ID: fBDl5ltAgnSqnG9wZ9kaala0t/lzUzeHcJmGLeeWjk3Y11JljHfoKjw73MA1UoWt6eV/XgA7CKA=)" type="com.amazonaws.services.s3.model.AmazonS3Exception">com.amazonaws.services.s3.model.AmazonS3Exception: The AWS Access Key Id you provided does not exist in our records. (Service: Amazon S3; Status Code: 403; Error Code: InvalidAccessKeyId; Request ID: BDAF5484433BD7CD; S3 Extended Request ID: fBDl5ltAgnSqnG9wZ9kaala0t/lzUzeHcJmGLeeWjk3Y11JljHfoKjw73MA1UoWt6eV/XgA7CKA=), S3 Extended Request ID: fBDl5ltAgnSqnG9wZ9kaala0t/lzUzeHcJmGLeeWjk3Y11JljHfoKjw73MA1UoWt6eV/XgA7CKA=
	at com.amazonaws.http.AmazonHttpClient$RequestExecutor.handleErrorResponse(AmazonHttpClient.java:1712)
	at com.amazonaws.http.AmazonHttpClient$RequestExecutor.executeOneRequest(AmazonHttpClient.java:1367)
	at com.amazonaws.http.AmazonHttpClient$RequestExecutor.executeHelper(AmazonHttpClient.java:1113)
	at com.amazonaws.http.AmazonHttpClient$RequestExecutor.doExecute(AmazonHttpClient.java:770)
	at com.amazonaws.http.AmazonHttpClient$RequestExecutor.executeWithTimer(AmazonHttpClient.java:744)
	at com.amazonaws.http.AmazonHttpClient$RequestExecutor.execute(AmazonHttpClient.java:726)
	at com.amazonaws.http.AmazonHttpClient$RequestExecutor.access$500(AmazonHttpClient.java:686)
	at com.amazonaws.http.AmazonHttpClient$RequestExecutionBuilderImpl.execute(AmazonHttpClient.java:668)
	at com.amazonaws.http.AmazonHttpClient.execute(AmazonHttpClient.java:532)
	at com.amazonaws.http.AmazonHttpClient.execute(AmazonHttpClient.java:512)
	at com.amazonaws.services.s3.AmazonS3Client.invoke(AmazonS3Client.java:4914)
	at com.amazonaws.services.s3.AmazonS3Client.invoke(AmazonS3Client.java:4860)
	at com.amazonaws.services.s3.AmazonS3Client.access$300(AmazonS3Client.java:389)
	at com.amazonaws.services.s3.AmazonS3Client$PutObjectStrategy.invokeServiceCall(AmazonS3Client.java:5793)
	at com.amazonaws.services.s3.AmazonS3Client.uploadObject(AmazonS3Client.java:1786)
	at com.amazonaws.services.s3.AmazonS3Client.putObject(AmazonS3Client.java:1746)
	at iBoxCpp.S3Handler.createEntry(S3Handler.java:64)
	at iBoxCpp.S3Handler.updateBucket(S3Handler.java:45)
	at iBoxCpp.S3HandlerIntegTest.updateBucketIntegTestCreatingEntry(S3HandlerIntegTest.java:32)
	at sun.reflect.NativeMethodAccessorImpl.invoke0(Native Method)
	at sun.reflect.NativeMethodAccessorImpl.invoke(NativeMethodAccessorImpl.java:62)
	at sun.reflect.DelegatingMethodAccessorImpl.invoke(DelegatingMethodAccessorImpl.java:43)
	at java.lang.reflect.Method.invoke(Method.java:497)
	at org.junit.runners.model.FrameworkMethod$1.runReflectiveCall(FrameworkMethod.java:50)
	at org.junit.internal.runners.model.ReflectiveCallable.run(ReflectiveCallable.java:12)
	at org.junit.runners.model.FrameworkMethod.invokeExplosively(FrameworkMethod.java:47)
	at org.junit.internal.runners.statements.InvokeMethod.evaluate(InvokeMethod.java:17)
	at org.junit.runners.ParentRunner.runLeaf(ParentRunner.java:325)
	at org.junit.runners.BlockJUnit4ClassRunner.runChild(BlockJUnit4ClassRunner.java:78)
	at org.junit.runners.BlockJUnit4ClassRunner.runChild(BlockJUnit4ClassRunner.java:57)
	at org.junit.runners.ParentRunner$3.run(ParentRunner.java:290)
	at org.junit.runners.ParentRunner$1.schedule(ParentRunner.java:71)
	at org.junit.runners.ParentRunner.runChildren(ParentRunner.java:288)
	at org.junit.runners.ParentRunner.access$000(ParentRunner.java:58)
	at org.junit.runners.ParentRunner$2.evaluate(ParentRunner.java:268)
	at org.junit.internal.runners.statements.RunBefores.evaluate(RunBefores.java:26)
	at org.junit.runners.ParentRunner.run(ParentRunner.java:363)
	at org.apache.maven.surefire.junit4.JUnit4Provider.execute(JUnit4Provider.java:252)
	at org.apache.maven.surefire.junit4.JUnit4Provider.executeTestSet(JUnit4Provider.java:141)
	at org.apache.maven.surefire.junit4.JUnit4Provider.invoke(JUnit4Provider.java:112)
	at sun.reflect.NativeMethodAccessorImpl.invoke0(Native Method)
	at sun.reflect.NativeMethodAccessorImpl.invoke(NativeMethodAccessorImpl.java:62)
	at sun.reflect.DelegatingMethodAccessorImpl.invoke(DelegatingMethodAccessorImpl.java:43)
	at java.lang.reflect.Method.invoke(Method.java:497)
	at org.apache.maven.surefire.util.ReflectionUtils.invokeMethodWithArray(ReflectionUtils.java:189)
	at org.apache.maven.surefire.booter.ProviderFactory$ProviderProxy.invoke(ProviderFactory.java:165)
	at org.apache.maven.surefire.booter.ProviderFactory.invokeProvider(ProviderFactory.java:85)
	at org.apache.maven.surefire.booter.ForkedBooter.runSuitesInProcess(ForkedBooter.java:115)
	at org.apache.maven.surefire.booter.ForkedBooter.main(ForkedBooter.java:75)
</error>
  </testcase>
  <testcase classname="iBoxCpp.S3HandlerIntegTest" name="updateBucketIntegTestModifyEntry" time="0.089">
    <error message="The AWS Access Key Id you provided does not exist in our records. (Service: Amazon S3; Status Code: 403; Error Code: InvalidAccessKeyId; Request ID: 441F3C3E7A0029A9; S3 Extended Request ID: mWpG3A4dnhPcIsRmGrPEBkGboQ2xcKEy7fGXMW2TKHOmII3DFijiSn+ufFpttTPy6UauzIij7F8=)" type="com.amazonaws.services.s3.model.AmazonS3Exception">com.amazonaws.services.s3.model.AmazonS3Exception: The AWS Access Key Id you provided does not exist in our records. (Service: Amazon S3; Status Code: 403; Error Code: InvalidAccessKeyId; Request ID: 441F3C3E7A0029A9; S3 Extended Request ID: mWpG3A4dnhPcIsRmGrPEBkGboQ2xcKEy7fGXMW2TKHOmII3DFijiSn+ufFpttTPy6UauzIij7F8=), S3 Extended Request ID: mWpG3A4dnhPcIsRmGrPEBkGboQ2xcKEy7fGXMW2TKHOmII3DFijiSn+ufFpttTPy6UauzIij7F8=
	at com.amazonaws.http.AmazonHttpClient$RequestExecutor.handleErrorResponse(AmazonHttpClient.java:1712)
	at com.amazonaws.http.AmazonHttpClient$RequestExecutor.executeOneRequest(AmazonHttpClient.java:1367)
	at com.amazonaws.http.AmazonHttpClient$RequestExecutor.executeHelper(AmazonHttpClient.java:1113)
	at com.amazonaws.http.AmazonHttpClient$RequestExecutor.doExecute(AmazonHttpClient.java:770)
	at com.amazonaws.http.AmazonHttpClient$RequestExecutor.executeWithTimer(AmazonHttpClient.java:744)
	at com.amazonaws.http.AmazonHttpClient$RequestExecutor.execute(AmazonHttpClient.java:726)
	at com.amazonaws.http.AmazonHttpClient$RequestExecutor.access$500(AmazonHttpClient.java:686)
	at com.amazonaws.http.AmazonHttpClient$RequestExecutionBuilderImpl.execute(AmazonHttpClient.java:668)
	at com.amazonaws.http.AmazonHttpClient.execute(AmazonHttpClient.java:532)
	at com.amazonaws.http.AmazonHttpClient.execute(AmazonHttpClient.java:512)
	at com.amazonaws.services.s3.AmazonS3Client.invoke(AmazonS3Client.java:4914)
	at com.amazonaws.services.s3.AmazonS3Client.invoke(AmazonS3Client.java:4860)
	at com.amazonaws.services.s3.AmazonS3Client.access$300(AmazonS3Client.java:389)
	at com.amazonaws.services.s3.AmazonS3Client$PutObjectStrategy.invokeServiceCall(AmazonS3Client.java:5793)
	at com.amazonaws.services.s3.AmazonS3Client.uploadObject(AmazonS3Client.java:1786)
	at com.amazonaws.services.s3.AmazonS3Client.putObject(AmazonS3Client.java:1746)
	at iBoxCpp.S3Handler.createEntry(S3Handler.java:64)
	at iBoxCpp.S3Handler.updateBucket(S3Handler.java:45)
	at iBoxCpp.S3HandlerIntegTest.updateBucketIntegTestModifyEntry(S3HandlerIntegTest.java:39)
	at sun.reflect.NativeMethodAccessorImpl.invoke0(Native Method)
	at sun.reflect.NativeMethodAccessorImpl.invoke(NativeMethodAccessorImpl.java:62)
	at sun.reflect.DelegatingMethodAccessorImpl.invoke(DelegatingMethodAccessorImpl.java:43)
	at java.lang.reflect.Method.invoke(Method.java:497)
	at org.junit.runners.model.FrameworkMethod$1.runReflectiveCall(FrameworkMethod.java:50)
	at org.junit.internal.runners.model.ReflectiveCallable.run(ReflectiveCallable.java:12)
	at org.junit.runners.model.FrameworkMethod.invokeExplosively(FrameworkMethod.java:47)
	at org.junit.internal.runners.statements.InvokeMethod.evaluate(InvokeMethod.java:17)
	at org.junit.runners.ParentRunner.runLeaf(ParentRunner.java:325)
	at org.junit.runners.BlockJUnit4ClassRunner.runChild(BlockJUnit4ClassRunner.java:78)
	at org.junit.runners.BlockJUnit4ClassRunner.runChild(BlockJUnit4ClassRunner.java:57)
	at org.junit.runners.ParentRunner$3.run(ParentRunner.java:290)
	at org.junit.runners.ParentRunner$1.schedule(ParentRunner.java:71)
	at org.junit.runners.ParentRunner.runChildren(ParentRunner.java:288)
	at org.junit.runners.ParentRunner.access$000(ParentRunner.java:58)
	at org.junit.runners.ParentRunner$2.evaluate(ParentRunner.java:268)
	at org.junit.internal.runners.statements.RunBefores.evaluate(RunBefores.java:26)
	at org.junit.runners.ParentRunner.run(ParentRunner.java:363)
	at org.apache.maven.surefire.junit4.JUnit4Provider.execute(JUnit4Provider.java:252)
	at org.apache.maven.surefire.junit4.JUnit4Provider.executeTestSet(JUnit4Provider.java:141)
	at org.apache.maven.surefire.junit4.JUnit4Provider.invoke(JUnit4Provider.java:112)
	at sun.reflect.NativeMethodAccessorImpl.invoke0(Native Method)
	at sun.reflect.NativeMethodAccessorImpl.invoke(NativeMethodAccessorImpl.java:62)
	at sun.reflect.DelegatingMethodAccessorImpl.invoke(DelegatingMethodAccessorImpl.java:43)
	at java.lang.reflect.Method.invoke(Method.java:497)
	at org.apache.maven.surefire.util.ReflectionUtils.invokeMethodWithArray(ReflectionUtils.java:189)
	at org.apache.maven.surefire.booter.ProviderFactory$ProviderProxy.invoke(ProviderFactory.java:165)
	at org.apache.maven.surefire.booter.ProviderFactory.invokeProvider(ProviderFactory.java:85)
	at org.apache.maven.surefire.booter.ForkedBooter.runSuitesInProcess(ForkedBooter.java:115)
	at org.apache.maven.surefire.booter.ForkedBooter.main(ForkedBooter.java:75)
</error>
  </testcase>
  <testcase classname="iBoxCpp.S3HandlerIntegTest" name="updateBucketIntegTestDeletingEntry" time="0.121">
    <error message="The AWS Access Key Id you provided does not exist in our records. (Service: Amazon S3; Status Code: 403; Error Code: InvalidAccessKeyId; Request ID: D449688C321FF164; S3 Extended Request ID: sx5HqKI/0YXwRiSXxhpapPvSgw9vcoJBa9ymx23x3oOaydXbqnc9qLu1KU0AxH85D6W4gxfWae8=)" type="com.amazonaws.services.s3.model.AmazonS3Exception">com.amazonaws.services.s3.model.AmazonS3Exception: The AWS Access Key Id you provided does not exist in our records. (Service: Amazon S3; Status Code: 403; Error Code: InvalidAccessKeyId; Request ID: D449688C321FF164; S3 Extended Request ID: sx5HqKI/0YXwRiSXxhpapPvSgw9vcoJBa9ymx23x3oOaydXbqnc9qLu1KU0AxH85D6W4gxfWae8=), S3 Extended Request ID: sx5HqKI/0YXwRiSXxhpapPvSgw9vcoJBa9ymx23x3oOaydXbqnc9qLu1KU0AxH85D6W4gxfWae8=
	at com.amazonaws.http.AmazonHttpClient$RequestExecutor.handleErrorResponse(AmazonHttpClient.java:1712)
	at com.amazonaws.http.AmazonHttpClient$RequestExecutor.executeOneRequest(AmazonHttpClient.java:1367)
	at com.amazonaws.http.AmazonHttpClient$RequestExecutor.executeHelper(AmazonHttpClient.java:1113)
	at com.amazonaws.http.AmazonHttpClient$RequestExecutor.doExecute(AmazonHttpClient.java:770)
	at com.amazonaws.http.AmazonHttpClient$RequestExecutor.executeWithTimer(AmazonHttpClient.java:744)
	at com.amazonaws.http.AmazonHttpClient$RequestExecutor.execute(AmazonHttpClient.java:726)
	at com.amazonaws.http.AmazonHttpClient$RequestExecutor.access$500(AmazonHttpClient.java:686)
	at com.amazonaws.http.AmazonHttpClient$RequestExecutionBuilderImpl.execute(AmazonHttpClient.java:668)
	at com.amazonaws.http.AmazonHttpClient.execute(AmazonHttpClient.java:532)
	at com.amazonaws.http.AmazonHttpClient.execute(AmazonHttpClient.java:512)
	at com.amazonaws.services.s3.AmazonS3Client.invoke(AmazonS3Client.java:4914)
	at com.amazonaws.services.s3.AmazonS3Client.invoke(AmazonS3Client.java:4860)
	at com.amazonaws.services.s3.AmazonS3Client.deleteObject(AmazonS3Client.java:2213)
	at iBoxCpp.S3Handler.deleteEntry(S3Handler.java:70)
	at iBoxCpp.S3Handler.updateBucket(S3Handler.java:52)
	at iBoxCpp.S3HandlerIntegTest.updateBucketIntegTestDeletingEntry(S3HandlerIntegTest.java:46)
	at sun.reflect.NativeMethodAccessorImpl.invoke0(Native Method)
	at sun.reflect.NativeMethodAccessorImpl.invoke(NativeMethodAccessorImpl.java:62)
	at sun.reflect.DelegatingMethodAccessorImpl.invoke(DelegatingMethodAccessorImpl.java:43)
	at java.lang.reflect.Method.invoke(Method.java:497)
	at org.junit.runners.model.FrameworkMethod$1.runReflectiveCall(FrameworkMethod.java:50)
	at org.junit.internal.runners.model.ReflectiveCallable.run(ReflectiveCallable.java:12)
	at org.junit.runners.model.FrameworkMethod.invokeExplosively(FrameworkMethod.java:47)
	at org.junit.internal.runners.statements.InvokeMethod.evaluate(InvokeMethod.java:17)
	at org.junit.runners.ParentRunner.runLeaf(ParentRunner.java:325)
	at org.junit.runners.BlockJUnit4ClassRunner.runChild(BlockJUnit4ClassRunner.java:78)
	at org.junit.runners.BlockJUnit4ClassRunner.runChild(BlockJUnit4ClassRunner.java:57)
	at org.junit.runners.ParentRunner$3.run(ParentRunner.java:290)
	at org.junit.runners.ParentRunner$1.schedule(ParentRunner.java:71)
	at org.junit.runners.ParentRunner.runChildren(ParentRunner.java:288)
	at org.junit.runners.ParentRunner.access$000(ParentRunner.java:58)
	at org.junit.runners.ParentRunner$2.evaluate(ParentRunner.java:268)
	at org.junit.internal.runners.statements.RunBefores.evaluate(RunBefores.java:26)
	at org.junit.runners.ParentRunner.run(ParentRunner.java:363)
	at org.apache.maven.surefire.junit4.JUnit4Provider.execute(JUnit4Provider.java:252)
	at org.apache.maven.surefire.junit4.JUnit4Provider.executeTestSet(JUnit4Provider.java:141)
	at org.apache.maven.surefire.junit4.JUnit4Provider.invoke(JUnit4Provider.java:112)
	at sun.reflect.NativeMethodAccessorImpl.invoke0(Native Method)
	at sun.reflect.NativeMethodAccessorImpl.invoke(NativeMethodAccessorImpl.java:62)
	at sun.reflect.DelegatingMethodAccessorImpl.invoke(DelegatingMethodAccessorImpl.java:43)
	at java.lang.reflect.Method.invoke(Method.java:497)
	at org.apache.maven.surefire.util.ReflectionUtils.invokeMethodWithArray(ReflectionUtils.java:189)
	at org.apache.maven.surefire.booter.ProviderFactory$ProviderProxy.invoke(ProviderFactory.java:165)
	at org.apache.maven.surefire.booter.ProviderFactory.invokeProvider(ProviderFactory.java:85)
	at org.apache.maven.surefire.booter.ForkedBooter.runSuitesInProcess(ForkedBooter.java:115)
	at org.apache.maven.surefire.booter.ForkedBooter.main(ForkedBooter.java:75)
</error>
  </testcase>
</testsuite>